<?xml version="1.0" encoding="UTF-8"?>
<!-- Generated by org.testng.reporters.JUnitXMLReporter -->
<testsuite ignored="0" hostname="LAPTOP-54CGIQF6" failures="0" tests="2" name="Test Runner 2" time="24.386" errors="0" timestamp="2023-08-13T22:08:23 GMT-07:00">
  <testcase classname="crossBrowserExecution.SwiggyTest" name="swiggyTest" time="0.0">
    <skipped/>
  </testcase> <!-- swiggyTest -->
  <testcase classname="crossBrowserExecution.GoogleTest" name="googleTest" time="0.0">
    <skipped/>
  </testcase> <!-- googleTest -->
</testsuite> <!-- Test Runner 2 -->
