<?xml version="1.0" encoding="UTF-8"?>
<!-- Generated by org.testng.reporters.JUnitXMLReporter -->
<testsuite ignored="0" hostname="LAPTOP-54CGIQF6" failures="0" tests="4" name="Test runner1" time="0.171" errors="0" timestamp="2023-08-11T10:34:45 GMT-07:00">
  <testcase classname="batchExecution.Test2" name="demo1" time="0.014"/>
  <testcase classname="batchExecution.Test2" name="demo2" time="0.006"/>
  <testcase classname="batchExecution.Test3" name="demo1" time="0.006"/>
  <testcase classname="batchExecution.Test3" name="demo2" time="0.008"/>
</testsuite> <!-- Test runner1 -->
