<?xml version="1.0" encoding="UTF-8"?>
<!-- Generated by org.testng.reporters.JUnitXMLReporter -->
<testsuite ignored="0" hostname="LAPTOP-54CGIQF6" failures="0" tests="4" name="Test runner2" time="0.205" errors="0" timestamp="2023-08-11T10:34:45 GMT-07:00">
  <testcase classname="batchExecution.Test1" name="demo1" time="0.011"/>
  <testcase classname="batchExecution.Test1" name="demo2" time="0.044"/>
  <testcase classname="batchExecution.Test4" name="demo1" time="0.007"/>
  <testcase classname="batchExecution.Test4" name="demo2" time="0.017"/>
</testsuite> <!-- Test runner2 -->
